[debug] [2021-03-28T14:44:35.466Z] ----------------------------------------------------------------------
[debug] [2021-03-28T14:44:35.469Z] Command:       C:\Program Files\nodejs\node.exe C:\Users\Surya\AppData\Roaming\npm\node_modules\firebase-tools\lib\bin\firebase.js init
[debug] [2021-03-28T14:44:35.469Z] CLI Version:   9.8.0
[debug] [2021-03-28T14:44:35.470Z] Platform:      win32
[debug] [2021-03-28T14:44:35.470Z] Node Version:  v14.15.5
[debug] [2021-03-28T14:44:35.471Z] Time:          Sun Mar 28 2021 20:14:35 GMT+0530 (India Standard Time)
[debug] [2021-03-28T14:44:35.471Z] ----------------------------------------------------------------------
[debug] 
[debug] [2021-03-28T14:44:35.479Z] > command requires scopes: ["email","openid","https://www.googleapis.com/auth/cloudplatformprojects.readonly","https://www.googleapis.com/auth/firebase","https://www.googleapis.com/auth/cloud-platform"]
[debug] [2021-03-28T14:44:35.479Z] > authorizing via signed-in user
[info] 
     ######## #### ########  ######## ########     ###     ######  ########
     ##        ##  ##     ## ##       ##     ##  ##   ##  ##       ##
     ######    ##  ########  ######   ########  #########  ######  ######
     ##        ##  ##    ##  ##       ##     ## ##     ##       ## ##
     ##       #### ##     ## ######## ########  ##     ##  ######  ########

You're about to initialize a Firebase project in this directory:

  C:\Users\Surya\Desktop\next-tut

[info] 
=== Project Setup
[info] 
[info] First, let's associate this project directory with a Firebase project.
[info] You can create multiple project aliases by running firebase use --add, 
[info] but for now we'll just set up a default project.
[info] 
[debug] [2021-03-28T14:45:27.928Z] >>> [apiv2][query] GET https://firebase.googleapis.com/v1beta1/projects pageSize=100
[debug] [2021-03-28T14:45:28.519Z] <<< [apiv2][status] GET https://firebase.googleapis.com/v1beta1/projects 200
[debug] [2021-03-28T14:45:28.519Z] <<< [apiv2][body] GET https://firebase.googleapis.com/v1beta1/projects [omitted]
[info] i  Using project next-app-11 (next-app) 
[info] 
=== Hosting Setup
[info] 
[info] Your public directory is the folder (relative to your project directory) that
[info] will contain Hosting assets to be uploaded with firebase deploy. If you
[info] have a build process for your assets, use your build's output directory.
[info] 
